<?xml version="1.0" encoding="UTF-8"?>
<testsuite xmlns:xsi="http://www.w3.org/2001/XMLSchema-instance" xsi:noNamespaceSchemaLocation="https://maven.apache.org/surefire/maven-surefire-plugin/xsd/surefire-test-report.xsd" name="com.bibit.tests.BibitTestSuite" time="3.746" tests="4" errors="0" skipped="0" failures="0">
  <properties>
    <property name="java.specification.version" value="23"/>
    <property name="sun.jnu.encoding" value="UTF-8"/>
    <property name="java.class.path" value="/Users/bytedance/Documents/Project/bibittest/target/test-classes:/Users/bytedance/Documents/Project/bibittest/target/classes:/Users/bytedance/.m2/repository/io/rest-assured/rest-assured/5.3.0/rest-assured-5.3.0.jar:/Users/bytedance/.m2/repository/org/apache/groovy/groovy/4.0.6/groovy-4.0.6.jar:/Users/bytedance/.m2/repository/org/apache/groovy/groovy-xml/4.0.6/groovy-xml-4.0.6.jar:/Users/bytedance/.m2/repository/org/apache/httpcomponents/httpclient/4.5.13/httpclient-4.5.13.jar:/Users/bytedance/.m2/repository/org/apache/httpcomponents/httpcore/4.4.13/httpcore-4.4.13.jar:/Users/bytedance/.m2/repository/commons-logging/commons-logging/1.2/commons-logging-1.2.jar:/Users/bytedance/.m2/repository/commons-codec/commons-codec/1.11/commons-codec-1.11.jar:/Users/bytedance/.m2/repository/org/apache/httpcomponents/httpmime/4.5.13/httpmime-4.5.13.jar:/Users/bytedance/.m2/repository/org/hamcrest/hamcrest/2.1/hamcrest-2.1.jar:/Users/bytedance/.m2/repository/org/ccil/cowan/tagsoup/tagsoup/1.2.1/tagsoup-1.2.1.jar:/Users/bytedance/.m2/repository/io/rest-assured/json-path/5.3.0/json-path-5.3.0.jar:/Users/bytedance/.m2/repository/org/apache/groovy/groovy-json/4.0.6/groovy-json-4.0.6.jar:/Users/bytedance/.m2/repository/io/rest-assured/rest-assured-common/5.3.0/rest-assured-common-5.3.0.jar:/Users/bytedance/.m2/repository/io/rest-assured/xml-path/5.3.0/xml-path-5.3.0.jar:/Users/bytedance/.m2/repository/org/apache/commons/commons-lang3/3.11/commons-lang3-3.11.jar:/Users/bytedance/.m2/repository/junit/junit/4.13.2/junit-4.13.2.jar:/Users/bytedance/.m2/repository/org/hamcrest/hamcrest-core/1.3/hamcrest-core-1.3.jar:/Users/bytedance/.m2/repository/com/aventstack/extentreports/5.0.9/extentreports-5.0.9.jar:/Users/bytedance/.m2/repository/io/reactivex/rxjava3/rxjava/3.0.4/rxjava-3.0.4.jar:/Users/bytedance/.m2/repository/org/reactivestreams/reactive-streams/1.0.3/reactive-streams-1.0.3.jar:/Users/bytedance/.m2/repository/org/freemarker/freemarker/2.3.30/freemarker-2.3.30.jar:/Users/bytedance/.m2/repository/org/projectlombok/lombok/1.18.12/lombok-1.18.12.jar:/Users/bytedance/.m2/repository/com/google/code/gson/gson/2.8.6/gson-2.8.6.jar:"/>
    <property name="java.vm.vendor" value="Oracle Corporation"/>
    <property name="sun.arch.data.model" value="64"/>
    <property name="java.vendor.url" value="https://java.oracle.com/"/>
    <property name="os.name" value="Mac OS X"/>
    <property name="java.vm.specification.version" value="23"/>
    <property name="sun.java.launcher" value="SUN_STANDARD"/>
    <property name="user.country" value="ID"/>
    <property name="sun.boot.library.path" value="/Library/Java/JavaVirtualMachines/jdk-23.jdk/Contents/Home/lib"/>
    <property name="sun.java.command" value="/Users/bytedance/Documents/Project/bibittest/target/surefire/surefirebooter6063341209603694090.jar /Users/bytedance/Documents/Project/bibittest/target/surefire 2025-05-18T19-23-06_980-jvmRun1 surefire10293123901377564680tmp surefire_03525564840806002229tmp"/>
    <property name="http.nonProxyHosts" value="local|*.local|169.254/16|*.169.254/16"/>
    <property name="jdk.debug" value="release"/>
    <property name="test" value="com.bibit.tests.BibitTestSuite"/>
    <property name="surefire.test.class.path" value="/Users/bytedance/Documents/Project/bibittest/target/test-classes:/Users/bytedance/Documents/Project/bibittest/target/classes:/Users/bytedance/.m2/repository/io/rest-assured/rest-assured/5.3.0/rest-assured-5.3.0.jar:/Users/bytedance/.m2/repository/org/apache/groovy/groovy/4.0.6/groovy-4.0.6.jar:/Users/bytedance/.m2/repository/org/apache/groovy/groovy-xml/4.0.6/groovy-xml-4.0.6.jar:/Users/bytedance/.m2/repository/org/apache/httpcomponents/httpclient/4.5.13/httpclient-4.5.13.jar:/Users/bytedance/.m2/repository/org/apache/httpcomponents/httpcore/4.4.13/httpcore-4.4.13.jar:/Users/bytedance/.m2/repository/commons-logging/commons-logging/1.2/commons-logging-1.2.jar:/Users/bytedance/.m2/repository/commons-codec/commons-codec/1.11/commons-codec-1.11.jar:/Users/bytedance/.m2/repository/org/apache/httpcomponents/httpmime/4.5.13/httpmime-4.5.13.jar:/Users/bytedance/.m2/repository/org/hamcrest/hamcrest/2.1/hamcrest-2.1.jar:/Users/bytedance/.m2/repository/org/ccil/cowan/tagsoup/tagsoup/1.2.1/tagsoup-1.2.1.jar:/Users/bytedance/.m2/repository/io/rest-assured/json-path/5.3.0/json-path-5.3.0.jar:/Users/bytedance/.m2/repository/org/apache/groovy/groovy-json/4.0.6/groovy-json-4.0.6.jar:/Users/bytedance/.m2/repository/io/rest-assured/rest-assured-common/5.3.0/rest-assured-common-5.3.0.jar:/Users/bytedance/.m2/repository/io/rest-assured/xml-path/5.3.0/xml-path-5.3.0.jar:/Users/bytedance/.m2/repository/org/apache/commons/commons-lang3/3.11/commons-lang3-3.11.jar:/Users/bytedance/.m2/repository/junit/junit/4.13.2/junit-4.13.2.jar:/Users/bytedance/.m2/repository/org/hamcrest/hamcrest-core/1.3/hamcrest-core-1.3.jar:/Users/bytedance/.m2/repository/com/aventstack/extentreports/5.0.9/extentreports-5.0.9.jar:/Users/bytedance/.m2/repository/io/reactivex/rxjava3/rxjava/3.0.4/rxjava-3.0.4.jar:/Users/bytedance/.m2/repository/org/reactivestreams/reactive-streams/1.0.3/reactive-streams-1.0.3.jar:/Users/bytedance/.m2/repository/org/freemarker/freemarker/2.3.30/freemarker-2.3.30.jar:/Users/bytedance/.m2/repository/org/projectlombok/lombok/1.18.12/lombok-1.18.12.jar:/Users/bytedance/.m2/repository/com/google/code/gson/gson/2.8.6/gson-2.8.6.jar:"/>
    <property name="sun.cpu.endian" value="little"/>
    <property name="user.home" value="/Users/bytedance"/>
    <property name="user.language" value="en"/>
    <property name="java.specification.vendor" value="Oracle Corporation"/>
    <property name="java.version.date" value="2024-10-15"/>
    <property name="java.home" value="/Library/Java/JavaVirtualMachines/jdk-23.jdk/Contents/Home"/>
    <property name="file.separator" value="/"/>
    <property name="basedir" value="/Users/bytedance/Documents/Project/bibittest"/>
    <property name="java.vm.compressedOopsMode" value="Zero based"/>
    <property name="line.separator" value="&#10;"/>
    <property name="java.vm.specification.vendor" value="Oracle Corporation"/>
    <property name="java.specification.name" value="Java Platform API Specification"/>
    <property name="apple.awt.application.name" value="ForkedBooter"/>
    <property name="surefire.real.class.path" value="/Users/bytedance/Documents/Project/bibittest/target/surefire/surefirebooter6063341209603694090.jar"/>
    <property name="sun.management.compiler" value="HotSpot 64-Bit Tiered Compilers"/>
    <property name="ftp.nonProxyHosts" value="local|*.local|169.254/16|*.169.254/16"/>
    <property name="java.runtime.version" value="23.0.1+11-39"/>
    <property name="user.name" value="bytedance"/>
    <property name="stdout.encoding" value="UTF-8"/>
    <property name="path.separator" value=":"/>
    <property name="os.version" value="15.3.1"/>
    <property name="java.runtime.name" value="Java(TM) SE Runtime Environment"/>
    <property name="file.encoding" value="UTF-8"/>
    <property name="java.vm.name" value="Java HotSpot(TM) 64-Bit Server VM"/>
    <property name="localRepository" value="/Users/bytedance/.m2/repository"/>
    <property name="java.vendor.url.bug" value="https://bugreport.java.com/bugreport/"/>
    <property name="java.io.tmpdir" value="/var/folders/j7/vf5y93c15w1f31lvzdh7bv500000gn/T/"/>
    <property name="java.version" value="23.0.1"/>
    <property name="user.dir" value="/Users/bytedance/Documents/Project/bibittest"/>
    <property name="os.arch" value="aarch64"/>
    <property name="java.vm.specification.name" value="Java Virtual Machine Specification"/>
    <property name="native.encoding" value="UTF-8"/>
    <property name="java.library.path" value="/Users/bytedance/Library/Java/Extensions:/Library/Java/Extensions:/Network/Library/Java/Extensions:/System/Library/Java/Extensions:/usr/lib/java:."/>
    <property name="java.vm.info" value="mixed mode, sharing"/>
    <property name="stderr.encoding" value="UTF-8"/>
    <property name="java.vendor" value="Oracle Corporation"/>
    <property name="java.vm.version" value="23.0.1+11-39"/>
    <property name="sun.io.unicode.encoding" value="UnicodeBig"/>
    <property name="socksNonProxyHosts" value="local|*.local|169.254/16|*.169.254/16"/>
    <property name="java.class.version" value="67.0"/>
  </properties>
  <testcase name="bibitPost" classname="com.bibit.tests.BibitPostTest" time="1.72"/>
  <testcase name="bibitUpdate" classname="com.bibit.tests.BibitUpdateTest" time="0.808"/>
  <testcase name="bibitGet" classname="com.bibit.tests.BibitGetTest" time="0.136"/>
  <testcase name="bibitDelete" classname="com.bibit.tests.BibitDeleteTest" time="0.76"/>
</testsuite>